Success!
Loaded
Exploit triggered. Beginning breakage.
Disabling watchdog timer...
VM: 0x00000007eb9bd000
WD: 0x00000007eb91e160
System Version: 1.0.0
Pwning sdb module...
Starting sdbcore...
Unknown version: 1.0.0
Failed to initialize sdb
Pegaswitch loaded!
UA: Mozilla/5.0 (Nintendo Switch; WebApplet) AppleWebKit/601.6 (KHTML, like Gecko) NF/4.0.0.4.25 NintendoBrowser/5.1.0.11682
Connected to PC...
Success!
Success percentage: 100.00 (1 samples)
Exploit triggered. Beginning breakage.
Disabling watchdog timer...
VM: 0x00000009ad7bd000
WD: 0x00000009ad71e160
System Version: 1.0.0
Pwning sdb module...
Starting sdbcore...
Unknown version: 1.0.0
Failed to initialize sdb
Pegaswitch loaded!
UA: Mozilla/5.0 (Nintendo Switch; WebApplet) AppleWebKit/601.6 (KHTML, like Gecko) NF/4.0.0.4.25 NintendoBrowser/5.1.0.11682
Connected to PC...
Success!
Loaded
Exploit triggered. Beginning breakage.
Disabling watchdog timer...
VM: 0x00000007c87bd000
WD: 0x00000007c871e160
System Version: 1.0.0
Pwning sdb module...
Starting sdbcore...
Unknown version: 1.0.0
Failed to initialize sdb
Pegaswitch loaded!
UA: Mozilla/5.0 (Nintendo Switch; WebApplet) AppleWebKit/601.6 (KHTML, like Gecko) NF/4.0.0.4.25 NintendoBrowser/5.1.0.11682
Connected to PC...
Success!
Loaded
Exploit triggered. Beginning breakage.
Disabling watchdog timer...
VM: 0x000000069bfbd000
WD: 0x000000069bf1e160
System Version: 1.0.0
Pwning sdb module...
Starting sdbcore...
Unknown version: 1.0.0
Failed to initialize sdb
Pegaswitch loaded!
UA: Mozilla/5.0 (Nintendo Switch; WebApplet) AppleWebKit/601.6 (KHTML, like Gecko) NF/4.0.0.4.25 NintendoBrowser/5.1.0.11682
Connected to PC...
Success!
Success percentage: 100.00 (1 samples)
Exploit triggered. Beginning breakage.
Disabling watchdog timer...
VM: 0x00000007383bd000
WD: 0x000000073831e160
System Version: 1.0.0
Pwning sdb module...
Starting sdbcore...
Unknown version: 1.0.0
Failed to initialize sdb
Pegaswitch loaded!
UA: Mozilla/5.0 (Nintendo Switch; WebApplet) AppleWebKit/601.6 (KHTML, like Gecko) NF/4.0.0.4.25 NintendoBrowser/5.1.0.11682
Connected to PC...
Success!
Success percentage: 100.00 (2 samples)
Exploit triggered. Beginning breakage.
Disabling watchdog timer...
VM: 0x0000000c1513d000
WD: 0x0000000c1509e160
System Version: 1.0.0
Pwning sdb module...
Starting sdbcore...
Unknown version: 1.0.0
Failed to initialize sdb
Pegaswitch loaded!
UA: Mozilla/5.0 (Nintendo Switch; WebApplet) AppleWebKit/601.6 (KHTML, like Gecko) NF/4.0.0.4.25 NintendoBrowser/5.1.0.11682
Connected to PC...
Success!
Success percentage: 100.00 (3 samples)
Exploit triggered. Beginning breakage.
Disabling watchdog timer...
VM: 0x0000000ce5fbd000
WD: 0x0000000ce5f1e160
System Version: 1.0.0
Pwning sdb module...
Starting sdbcore...
Unknown version: 1.0.0
Failed to initialize sdb
Pegaswitch loaded!
UA: Mozilla/5.0 (Nintendo Switch; WebApplet) AppleWebKit/601.6 (KHTML, like Gecko) NF/4.0.0.4.25 NintendoBrowser/5.1.0.11682
Connected to PC...
Success!
Success percentage: 100.00 (4 samples)
Exploit triggered. Beginning breakage.
Disabling watchdog timer...
VM: 0x000000061e3bd000
WD: 0x000000061e31e160
System Version: 1.0.0
Pwning sdb module...
Starting sdbcore...
Unknown version: 1.0.0
Failed to initialize sdb
Pegaswitch loaded!
UA: Mozilla/5.0 (Nintendo Switch; WebApplet) AppleWebKit/601.6 (KHTML, like Gecko) NF/4.0.0.4.25 NintendoBrowser/5.1.0.11682
Connected to PC...
Success!
Success percentage: 100.00 (5 samples)
Exploit triggered. Beginning breakage.
Disabling watchdog timer...
VM: 0x0000000b19fbd000
WD: 0x0000000b19f1e160
System Version: 1.0.0
Pwning sdb module...
Starting sdbcore...
Unknown version: 1.0.0
Failed to initialize sdb
Pegaswitch loaded!
UA: Mozilla/5.0 (Nintendo Switch; WebApplet) AppleWebKit/601.6 (KHTML, like Gecko) NF/4.0.0.4.25 NintendoBrowser/5.1.0.11682
Connected to PC...
Success!
Success percentage: 100.00 (6 samples)
Exploit triggered. Beginning breakage.
Disabling watchdog timer...
VM: 0x0000000adc3bd000
WD: 0x0000000adc31e160
System Version: 1.0.0
Pwning sdb module...
Starting sdbcore...
Unknown version: 1.0.0
Failed to initialize sdb
Pegaswitch loaded!
UA: Mozilla/5.0 (Nintendo Switch; WebApplet) AppleWebKit/601.6 (KHTML, like Gecko) NF/4.0.0.4.25 NintendoBrowser/5.1.0.11682
Connected to PC...
Success!
Loaded
Exploit triggered. Beginning breakage.
Disabling watchdog timer...
VM: 0x00000009d093d000
WD: 0x00000009d089e160
System Version: 1.0.0
Pwning sdb module...
Starting sdbcore...
Unknown version: 1.0.0
Failed to initialize sdb
Pegaswitch loaded!
UA: Mozilla/5.0 (Nintendo Switch; WebApplet) AppleWebKit/601.6 (KHTML, like Gecko) NF/4.0.0.4.25 NintendoBrowser/5.1.0.11682
Connected to PC...
Success!
Loaded
Exploit triggered. Beginning breakage.
Disabling watchdog timer...
VM: 0x000000096193d000
WD: 0x000000096189e160
System Version: 1.0.0
Pwning sdb module...
Starting sdbcore...
Unknown version: 1.0.0
Failed to initialize sdb
Pegaswitch loaded!
UA: Mozilla/5.0 (Nintendo Switch; WebApplet) AppleWebKit/601.6 (KHTML, like Gecko) NF/4.0.0.4.25 NintendoBrowser/5.1.0.11682
Connected to PC...
Could not locate our objects...
Success!
Loaded
Exploit triggered. Beginning breakage.
Disabling watchdog timer...
VM: 0x00000008e07bd000
WD: 0x00000008e071e160
System Version: 1.0.0
Pwning sdb module...
Starting sdbcore...
Unknown version: 1.0.0
Failed to initialize sdb
Pegaswitch loaded!
UA: Mozilla/5.0 (Nintendo Switch; WebApplet) AppleWebKit/601.6 (KHTML, like Gecko) NF/4.0.0.4.25 NintendoBrowser/5.1.0.11682
Connected to PC...
ERR [15]: Can't find variable: $
eval code
Could not locate our objects...
Success!
Could not locate our objects...
Loaded
Exploit triggered. Beginning breakage.
Could not locate our objects...
Could not locate our objects...
Success!
Loaded
Exploit triggered. Beginning breakage.
Disabling watchdog timer...
VM: 0x0000000ab353d000
WD: 0x0000000ab349e160
System Version: 1.0.0
Pwning sdb module...
Starting sdbcore...
Unknown version: 1.0.0
Failed to initialize sdb
Pegaswitch loaded!
UA: Mozilla/5.0 (Nintendo Switch; WebApplet) AppleWebKit/601.6 (KHTML, like Gecko) NF/4.0.0.4.25 NintendoBrowser/5.1.0.11682
Connected to PC...
ERR [15]: Can't find variable: $
eval code
Success!
Loaded
Exploit triggered. Beginning breakage.
Disabling watchdog timer...
VM: 0x0000000bb353d000
WD: 0x0000000bb349e160
System Version: 1.0.0
Pwning sdb module...
Starting sdbcore...
Unknown version: 1.0.0
Failed to initialize sdb
Pegaswitch loaded!
UA: Mozilla/5.0 (Nintendo Switch; WebApplet) AppleWebKit/601.6 (KHTML, like Gecko) NF/4.0.0.4.25 NintendoBrowser/5.1.0.11682
Connected to PC...
Success!
Loaded
Exploit triggered. Beginning breakage.
Disabling watchdog timer...
VM: 0x000000087493d000
WD: 0x000000087489e160
System Version: 1.0.0
Pwning sdb module...
Starting sdbcore...
Unknown version: 1.0.0
Failed to initialize sdb
Pegaswitch loaded!
UA: Mozilla/5.0 (Nintendo Switch; WebApplet) AppleWebKit/601.6 (KHTML, like Gecko) NF/4.0.0.4.25 NintendoBrowser/5.1.0.11682
Connected to PC...
Success!
Success percentage: 100.00 (1 samples)
Exploit triggered. Beginning breakage.
Disabling watchdog timer...
VM: 0x0000000a3bfbd000
WD: 0x0000000a3bf1e160
System Version: 1.0.0
Pwning sdb module...
Starting sdbcore...
Unknown version: 1.0.0
Failed to initialize sdb
Pegaswitch loaded!
UA: Mozilla/5.0 (Nintendo Switch; WebApplet) AppleWebKit/601.6 (KHTML, like Gecko) NF/4.0.0.4.25 NintendoBrowser/5.1.0.11682
Connected to PC...
Success!
Success percentage: 100.00 (2 samples)
Exploit triggered. Beginning breakage.
Disabling watchdog timer...
VM: 0x00000005a193d000
WD: 0x00000005a189e160
System Version: 1.0.0
Pwning sdb module...
Starting sdbcore...
Unknown version: 1.0.0
Failed to initialize sdb
Pegaswitch loaded!
UA: Mozilla/5.0 (Nintendo Switch; WebApplet) AppleWebKit/601.6 (KHTML, like Gecko) NF/4.0.0.4.25 NintendoBrowser/5.1.0.11682
Connected to PC...
Success!
Success percentage: 100.00 (3 samples)
Exploit triggered. Beginning breakage.
Disabling watchdog timer...
VM: 0x00000004c6dbd000
WD: 0x00000004c6d1e160
System Version: 1.0.0
Pwning sdb module...
Starting sdbcore...
Unknown version: 1.0.0
Failed to initialize sdb
Pegaswitch loaded!
UA: Mozilla/5.0 (Nintendo Switch; WebApplet) AppleWebKit/601.6 (KHTML, like Gecko) NF/4.0.0.4.25 NintendoBrowser/5.1.0.11682
Connected to PC...
Success!
Success percentage: 100.00 (4 samples)
Exploit triggered. Beginning breakage.
Disabling watchdog timer...
VM: 0x0000000dde1bd000
WD: 0x0000000dde11e160
System Version: 1.0.0
Pwning sdb module...
Starting sdbcore...
Unknown version: 1.0.0
Failed to initialize sdb
Pegaswitch loaded!
UA: Mozilla/5.0 (Nintendo Switch; WebApplet) AppleWebKit/601.6 (KHTML, like Gecko) NF/4.0.0.4.25 NintendoBrowser/5.1.0.11682
Connected to PC...
Success!
Success percentage: 100.00 (5 samples)
Exploit triggered. Beginning breakage.
Disabling watchdog timer...
VM: 0x0000000c795bd000
WD: 0x0000000c7951e160
System Version: 1.0.0
Pwning sdb module...
Starting sdbcore...
Unknown version: 1.0.0
Failed to initialize sdb
Pegaswitch loaded!
UA: Mozilla/5.0 (Nintendo Switch; WebApplet) AppleWebKit/601.6 (KHTML, like Gecko) NF/4.0.0.4.25 NintendoBrowser/5.1.0.11682
Connected to PC...
Success!
Success percentage: 100.00 (6 samples)
Exploit triggered. Beginning breakage.
Disabling watchdog timer...
VM: 0x0000000bac7bd000
WD: 0x0000000bac71e160
System Version: 1.0.0
Pwning sdb module...
Starting sdbcore...
Unknown version: 1.0.0
Failed to initialize sdb
Pegaswitch loaded!
UA: Mozilla/5.0 (Nintendo Switch; WebApplet) AppleWebKit/601.6 (KHTML, like Gecko) NF/4.0.0.4.25 NintendoBrowser/5.1.0.11682
Connected to PC...
Success!
Success percentage: 100.00 (7 samples)
Exploit triggered. Beginning breakage.
Disabling watchdog timer...
VM: 0x0000000b9e1bd000
WD: 0x0000000b9e11e160
System Version: 1.0.0
Pwning sdb module...
Starting sdbcore...
Unknown version: 1.0.0
Failed to initialize sdb
Pegaswitch loaded!
UA: Mozilla/5.0 (Nintendo Switch; WebApplet) AppleWebKit/601.6 (KHTML, like Gecko) NF/4.0.0.4.25 NintendoBrowser/5.1.0.11682
Connected to PC...
Success!
Success percentage: 100.00 (8 samples)
Exploit triggered. Beginning breakage.
Disabling watchdog timer...
VM: 0x00000009b7bbd000
WD: 0x00000009b7b1e160
System Version: 1.0.0
Pwning sdb module...
Starting sdbcore...
Unknown version: 1.0.0
Failed to initialize sdb
Pegaswitch loaded!
UA: Mozilla/5.0 (Nintendo Switch; WebApplet) AppleWebKit/601.6 (KHTML, like Gecko) NF/4.0.0.4.25 NintendoBrowser/5.1.0.11682
Connected to PC...
Success!
Success percentage: 100.00 (9 samples)
Exploit triggered. Beginning breakage.
Disabling watchdog timer...
VM: 0x0000000b5553d000
WD: 0x0000000b5549e160
System Version: 1.0.0
Pwning sdb module...
Starting sdbcore...
Unknown version: 1.0.0
Failed to initialize sdb
Pegaswitch loaded!
UA: Mozilla/5.0 (Nintendo Switch; WebApplet) AppleWebKit/601.6 (KHTML, like Gecko) NF/4.0.0.4.25 NintendoBrowser/5.1.0.11682
Connected to PC...
Could not locate our objects...
Could not locate our objects...
Could not locate our objects...
Could not locate our objects...
Success!
Loaded
Exploit triggered. Beginning breakage.
Disabling watchdog timer...
VM: 0x0000000e7bfbd000
WD: 0x0000000e7bf1e160
System Version: 1.0.0
Pwning sdb module...
Starting sdbcore...
Unknown version: 1.0.0
Failed to initialize sdb
Pegaswitch loaded!
UA: Mozilla/5.0 (Nintendo Switch; WebApplet) AppleWebKit/601.6 (KHTML, like Gecko) NF/4.0.0.4.25 NintendoBrowser/5.1.0.11682
Connected to PC...
Success!
Success percentage: 100.00 (1 samples)
Exploit triggered. Beginning breakage.
Disabling watchdog timer...
VM: 0x0000000b6cdbd000
WD: 0x0000000b6cd1e160
System Version: 1.0.0
Pwning sdb module...
Starting sdbcore...
Unknown version: 1.0.0
Failed to initialize sdb
Pegaswitch loaded!
UA: Mozilla/5.0 (Nintendo Switch; WebApplet) AppleWebKit/601.6 (KHTML, like Gecko) NF/4.0.0.4.25 NintendoBrowser/5.1.0.11682
Could not locate our objects...
Connected to PC...
Success!
Success percentage: 100.00 (2 samples)
Exploit triggered. Beginning breakage.
Disabling watchdog timer...
VM: 0x0000000d7fdbd000
WD: 0x0000000d7fd1e160
System Version: 1.0.0
Pwning sdb module...
Starting sdbcore...
Unknown version: 1.0.0
Failed to initialize sdb
Pegaswitch loaded!
UA: Mozilla/5.0 (Nintendo Switch; WebApplet) AppleWebKit/601.6 (KHTML, like Gecko) NF/4.0.0.4.25 NintendoBrowser/5.1.0.11682
Could not locate our objects...
Connected to PC...
Success!
Success percentage: 100.00 (3 samples)
Exploit triggered. Beginning breakage.
Disabling watchdog timer...
VM: 0x0000000d17fbd000
WD: 0x0000000d17f1e160
System Version: 1.0.0
Pwning sdb module...
Starting sdbcore...
Unknown version: 1.0.0
Failed to initialize sdb
Pegaswitch loaded!
UA: Mozilla/5.0 (Nintendo Switch; WebApplet) AppleWebKit/601.6 (KHTML, like Gecko) NF/4.0.0.4.25 NintendoBrowser/5.1.0.11682
Connected to PC...
Could not locate our objects...
Could not locate our objects...
Could not locate our objects...
Success!
Could not locate our objects...
Loaded
Exploit triggered. Beginning breakage.
Success!
Loaded
Exploit triggered. Beginning breakage.
Disabling watchdog timer...
VM: 0x0000000b2113d000
WD: 0x0000000b2109e160
System Version: 1.0.0
Pwning sdb module...
Starting sdbcore...
Unknown version: 1.0.0
Failed to initialize sdb
Pegaswitch loaded!
UA: Mozilla/5.0 (Nintendo Switch; WebApplet) AppleWebKit/601.6 (KHTML, like Gecko) NF/4.0.0.4.25 NintendoBrowser/5.1.0.11682
Connected to PC...
Success!
Success percentage: 100.00 (1 samples)
Exploit triggered. Beginning breakage.
Disabling watchdog timer...
VM: 0x0000000bb9dbd000
WD: 0x0000000bb9d1e160
System Version: 1.0.0
Pwning sdb module...
Starting sdbcore...
Unknown version: 1.0.0
Failed to initialize sdb
Pegaswitch loaded!
UA: Mozilla/5.0 (Nintendo Switch; WebApplet) AppleWebKit/601.6 (KHTML, like Gecko) NF/4.0.0.4.25 NintendoBrowser/5.1.0.11682
Connected to PC...
Success!
Success percentage: 100.00 (2 samples)
Exploit triggered. Beginning breakage.
Disabling watchdog timer...
VM: 0x0000000cd4f3d000
WD: 0x0000000cd4e9e160
System Version: 1.0.0
Pwning sdb module...
Starting sdbcore...
Unknown version: 1.0.0
Failed to initialize sdb
Pegaswitch loaded!
UA: Mozilla/5.0 (Nintendo Switch; WebApplet) AppleWebKit/601.6 (KHTML, like Gecko) NF/4.0.0.4.25 NintendoBrowser/5.1.0.11682
Connected to PC...
Could not locate our objects...
Success!
Success percentage: 100.00 (3 samples)
Exploit triggered. Beginning breakage.
Disabling watchdog timer...
VM: 0x0000000dfe9bd000
WD: 0x0000000dfe91e160
System Version: 1.0.0
Pwning sdb module...
Starting sdbcore...
Unknown version: 1.0.0
Failed to initialize sdb
Pegaswitch loaded!
UA: Mozilla/5.0 (Nintendo Switch; WebApplet) AppleWebKit/601.6 (KHTML, like Gecko) NF/4.0.0.4.25 NintendoBrowser/5.1.0.11682
Connected to PC...
Success!
Success percentage: 100.00 (4 samples)
Exploit triggered. Beginning breakage.
Disabling watchdog timer...
VM: 0x0000000d2f9bd000
WD: 0x0000000d2f91e160
System Version: 1.0.0
Pwning sdb module...
Starting sdbcore...
Unknown version: 1.0.0
Failed to initialize sdb
Pegaswitch loaded!
UA: Mozilla/5.0 (Nintendo Switch; WebApplet) AppleWebKit/601.6 (KHTML, like Gecko) NF/4.0.0.4.25 NintendoBrowser/5.1.0.11682
Connected to PC...
Success!
Success percentage: 100.00 (5 samples)
Exploit triggered. Beginning breakage.
Disabling watchdog timer...
VM: 0x0000000baffbd000
WD: 0x0000000baff1e160
System Version: 1.0.0
Pwning sdb module...
Starting sdbcore...
Unknown version: 1.0.0
Failed to initialize sdb
Pegaswitch loaded!
UA: Mozilla/5.0 (Nintendo Switch; WebApplet) AppleWebKit/601.6 (KHTML, like Gecko) NF/4.0.0.4.25 NintendoBrowser/5.1.0.11682
Connected to PC...
socket closed, attempting to reconnect in 5 seconds...
Success!
Loaded
Exploit triggered. Beginning breakage.
Disabling watchdog timer...
VM: 0x0000000929bbd000
WD: 0x0000000929b1e160
System Version: 1.0.0
Pwning sdb module...
Starting sdbcore...
Unknown version: 1.0.0
Failed to initialize sdb
Pegaswitch loaded!
UA: Mozilla/5.0 (Nintendo Switch; WebApplet) AppleWebKit/601.6 (KHTML, like Gecko) NF/4.0.0.4.25 NintendoBrowser/5.1.0.11682
Connected to PC...
Success!
Success percentage: 100.00 (1 samples)
Exploit triggered. Beginning breakage.
Disabling watchdog timer...
VM: 0x0000000cdafbd000
WD: 0x0000000cdaf1e160
System Version: 1.0.0
Pwning sdb module...
Starting sdbcore...
Unknown version: 1.0.0
Failed to initialize sdb
Pegaswitch loaded!
UA: Mozilla/5.0 (Nintendo Switch; WebApplet) AppleWebKit/601.6 (KHTML, like Gecko) NF/4.0.0.4.25 NintendoBrowser/5.1.0.11682
Connected to PC...
Success!
Success percentage: 100.00 (2 samples)
Exploit triggered. Beginning breakage.
Disabling watchdog timer...
VM: 0x000000081afbd000
WD: 0x000000081af1e160
System Version: 1.0.0
Pwning sdb module...
Starting sdbcore...
Unknown version: 1.0.0
Failed to initialize sdb
Pegaswitch loaded!
UA: Mozilla/5.0 (Nintendo Switch; WebApplet) AppleWebKit/601.6 (KHTML, like Gecko) NF/4.0.0.4.25 NintendoBrowser/5.1.0.11682
Connected to PC...
Success!
Success percentage: 100.00 (3 samples)
Exploit triggered. Beginning breakage.
Disabling watchdog timer...
VM: 0x000000053353d000
WD: 0x000000053349e160
System Version: 1.0.0
Pwning sdb module...
Starting sdbcore...
Unknown version: 1.0.0
Failed to initialize sdb
Pegaswitch loaded!
UA: Mozilla/5.0 (Nintendo Switch; WebApplet) AppleWebKit/601.6 (KHTML, like Gecko) NF/4.0.0.4.25 NintendoBrowser/5.1.0.11682
Connected to PC...
Could not locate our objects...
Success!
Loaded
Exploit triggered. Beginning breakage.
Disabling watchdog timer...
VM: 0x0000000d4a3bd000
WD: 0x0000000d4a31e160
System Version: 1.0.0
Pwning sdb module...
Starting sdbcore...
Unknown version: 1.0.0
Failed to initialize sdb
Pegaswitch loaded!
UA: Mozilla/5.0 (Nintendo Switch; WebApplet) AppleWebKit/601.6 (KHTML, like Gecko) NF/4.0.0.4.25 NintendoBrowser/5.1.0.11682
Connected to PC...
Success!
Success percentage: 100.00 (1 samples)
Exploit triggered. Beginning breakage.
Disabling watchdog timer...
VM: 0x0000000b1a7bd000
WD: 0x0000000b1a71e160
System Version: 1.0.0
Pwning sdb module...
Starting sdbcore...
Unknown version: 1.0.0
Failed to initialize sdb
Pegaswitch loaded!
UA: Mozilla/5.0 (Nintendo Switch; WebApplet) AppleWebKit/601.6 (KHTML, like Gecko) NF/4.0.0.4.25 NintendoBrowser/5.1.0.11682
Connected to PC...
Could not locate our objects...
Success!
Success percentage: 100.00 (2 samples)
Exploit triggered. Beginning breakage.
Disabling watchdog timer...
VM: 0x0000000e2453d000
WD: 0x0000000e2449e160
System Version: 1.0.0
Pwning sdb module...
Starting sdbcore...
Unknown version: 1.0.0
Failed to initialize sdb
Pegaswitch loaded!
UA: Mozilla/5.0 (Nintendo Switch; WebApplet) AppleWebKit/601.6 (KHTML, like Gecko) NF/4.0.0.4.25 NintendoBrowser/5.1.0.11682
Connected to PC...
Could not locate our objects...
Could not locate our objects...
Could not locate our objects...
Success!
Loaded
Exploit triggered. Beginning breakage.
Disabling watchdog timer...
VM: 0x0000000bc81bd000
WD: 0x0000000bc811e160
System Version: 1.0.0
Pwning sdb module...
Starting sdbcore...
Unknown version: 1.0.0
Failed to initialize sdb
Pegaswitch loaded!
UA: Mozilla/5.0 (Nintendo Switch; WebApplet) AppleWebKit/601.6 (KHTML, like Gecko) NF/4.0.0.4.25 NintendoBrowser/5.1.0.11682
Connected to PC...
Success!
Loaded
Exploit triggered. Beginning breakage.
Disabling watchdog timer...
VM: 0x0000000a7f3bd000
WD: 0x0000000a7f31e160
System Version: 1.0.0
Pwning sdb module...
Starting sdbcore...
Unknown version: 1.0.0
Failed to initialize sdb
Pegaswitch loaded!
UA: Mozilla/5.0 (Nintendo Switch; WebApplet) AppleWebKit/601.6 (KHTML, like Gecko) NF/4.0.0.4.25 NintendoBrowser/5.1.0.11682
Connected to PC...
Success!
Loaded
Exploit triggered. Beginning breakage.
Disabling watchdog timer...
VM: 0x000000096513d000
WD: 0x000000096509e160
System Version: 1.0.0
Pwning sdb module...
Starting sdbcore...
Unknown version: 1.0.0
Failed to initialize sdb
Pegaswitch loaded!
UA: Mozilla/5.0 (Nintendo Switch; WebApplet) AppleWebKit/601.6 (KHTML, like Gecko) NF/4.0.0.4.25 NintendoBrowser/5.1.0.11682
Connected to PC...
Success!
Loaded
Exploit triggered. Beginning breakage.
Disabling watchdog timer...
VM: 0x0000000d1abbd000
WD: 0x0000000d1ab1e160
System Version: 1.0.0
Pwning sdb module...
Starting sdbcore...
Unknown version: 1.0.0
Failed to initialize sdb
Pegaswitch loaded!
UA: Mozilla/5.0 (Nintendo Switch; WebApplet) AppleWebKit/601.6 (KHTML, like Gecko) NF/4.0.0.4.25 NintendoBrowser/5.1.0.11682
Connected to PC...
ERR [2157]: Unexpected token ';'
eval@null:null:null
http://pegaswitch.com/bundle.js:2157:8
onmessage@exploit/main.js:137:0
Could not locate our objects...
Success!
Loaded
Exploit triggered. Beginning breakage.
Disabling watchdog timer...
VM: 0x00000008b61bd000
WD: 0x00000008b611e160
System Version: 1.0.0
Pwning sdb module...
Starting sdbcore...
Unknown version: 1.0.0
Failed to initialize sdb
Pegaswitch loaded!
UA: Mozilla/5.0 (Nintendo Switch; WebApplet) AppleWebKit/601.6 (KHTML, like Gecko) NF/4.0.0.4.25 NintendoBrowser/5.1.0.11682
Connected to PC...
IPC message:
- Command ID / Result code: Error: 0x1805 (Invalid StorageId in module NCM)
ERR [835]: 0x1805 (Invalid StorageId in module NCM)
ResultCode@exploit/ResultCode.js:15:0
assertOk@exploit/ipc.js:555:0
eval code
socket closed, attempting to reconnect in 5 seconds...
Could not locate our objects...
Success!
Loaded
Exploit triggered. Beginning breakage.
Disabling watchdog timer...
VM: 0x00000004addbd000
WD: 0x00000004add1e160
System Version: 1.0.0
Pwning sdb module...
Starting sdbcore...
Unknown version: 1.0.0
Failed to initialize sdb
Pegaswitch loaded!
UA: Mozilla/5.0 (Nintendo Switch; WebApplet) AppleWebKit/601.6 (KHTML, like Gecko) NF/4.0.0.4.25 NintendoBrowser/5.1.0.11682
Connected to PC...
IPC message:
- Command ID / Result code: Error: 0x1805 (Invalid StorageId in module NCM)
ERR [835]: 0x1805 (Invalid StorageId in module NCM)
ResultCode@exploit/ResultCode.js:15:0
assertOk@exploit/ipc.js:555:0
eval code
Could not locate our objects...
Success!
Loaded
Exploit triggered. Beginning breakage.
Disabling watchdog timer...
VM: 0x0000000bb453d000
WD: 0x0000000bb449e160
System Version: 1.0.0
Pwning sdb module...
Starting sdbcore...
Unknown version: 1.0.0
Failed to initialize sdb
Pegaswitch loaded!
UA: Mozilla/5.0 (Nintendo Switch; WebApplet) AppleWebKit/601.6 (KHTML, like Gecko) NF/4.0.0.4.25 NintendoBrowser/5.1.0.11682
Connected to PC...
IPC message:
- Command ID / Result code: Error: 0x408 (Not initialized. in module LR)
ERR [835]: 0x408 (Not initialized. in module LR)
ResultCode@exploit/ResultCode.js:15:0
assertOk@exploit/ipc.js:555:0
eval code
Success!
Loaded
Exploit triggered. Beginning breakage.
Disabling watchdog timer...
VM: 0x0000000d2233d000
WD: 0x0000000d2229e160
System Version: 1.0.0
Pwning sdb module...
Starting sdbcore...
Unknown version: 1.0.0
Failed to initialize sdb
Pegaswitch loaded!
UA: Mozilla/5.0 (Nintendo Switch; WebApplet) AppleWebKit/601.6 (KHTML, like Gecko) NF/4.0.0.4.25 NintendoBrowser/5.1.0.11682
Connected to PC...
IPC message:
- Command ID / Result code: Error: 0x408 (Not initialized. in module LR)
ERR [835]: 0x408 (Not initialized. in module LR)
ResultCode@exploit/ResultCode.js:15:0
assertOk@exploit/ipc.js:555:0
eval code
Could not locate our objects...
Success!
Loaded
Exploit triggered. Beginning breakage.
Disabling watchdog timer...
VM: 0x00000007a6fbd000
WD: 0x00000007a6f1e160
System Version: 1.0.0
Pwning sdb module...
Starting sdbcore...
Unknown version: 1.0.0
Failed to initialize sdb
Pegaswitch loaded!
UA: Mozilla/5.0 (Nintendo Switch; WebApplet) AppleWebKit/601.6 (KHTML, like Gecko) NF/4.0.0.4.25 NintendoBrowser/5.1.0.11682
Connected to PC...
Success!
Loaded
Exploit triggered. Beginning breakage.
Disabling watchdog timer...
VM: 0x0000000e275bd000
WD: 0x0000000e2751e160
System Version: 1.0.0
Pwning sdb module...
Starting sdbcore...
Unknown version: 1.0.0
Failed to initialize sdb
Pegaswitch loaded!
UA: Mozilla/5.0 (Nintendo Switch; WebApplet) AppleWebKit/601.6 (KHTML, like Gecko) NF/4.0.0.4.25 NintendoBrowser/5.1.0.11682
Connected to PC...
Success!
Success percentage: 100.00 (1 samples)
Exploit triggered. Beginning breakage.
Disabling watchdog timer...
VM: 0x00000002bb1bd000
WD: 0x00000002bb11e160
System Version: 1.0.0
Pwning sdb module...
Starting sdbcore...
Unknown version: 1.0.0
Failed to initialize sdb
Pegaswitch loaded!
UA: Mozilla/5.0 (Nintendo Switch; WebApplet) AppleWebKit/601.6 (KHTML, like Gecko) NF/4.0.0.4.25 NintendoBrowser/5.1.0.11682
Connected to PC...
Success!
Success percentage: 100.00 (2 samples)
Exploit triggered. Beginning breakage.
Disabling watchdog timer...
VM: 0x0000000c4273d000
WD: 0x0000000c4269e160
System Version: 1.0.0
Pwning sdb module...
Starting sdbcore...
Unknown version: 1.0.0
Failed to initialize sdb
Pegaswitch loaded!
UA: Mozilla/5.0 (Nintendo Switch; WebApplet) AppleWebKit/601.6 (KHTML, like Gecko) NF/4.0.0.4.25 NintendoBrowser/5.1.0.11682
Connected to PC...
Success!
Success percentage: 100.00 (3 samples)
Exploit triggered. Beginning breakage.
Disabling watchdog timer...
VM: 0x00000004bedbd000
WD: 0x00000004bed1e160
System Version: 1.0.0
Pwning sdb module...
Starting sdbcore...
Unknown version: 1.0.0
Failed to initialize sdb
Pegaswitch loaded!
UA: Mozilla/5.0 (Nintendo Switch; WebApplet) AppleWebKit/601.6 (KHTML, like Gecko) NF/4.0.0.4.25 NintendoBrowser/5.1.0.11682
Connected to PC...
Success!
Success percentage: 100.00 (4 samples)
Exploit triggered. Beginning breakage.
Disabling watchdog timer...
VM: 0x0000000a57dbd000
WD: 0x0000000a57d1e160
System Version: 1.0.0
Pwning sdb module...
Starting sdbcore...
Unknown version: 1.0.0
Failed to initialize sdb
Pegaswitch loaded!
UA: Mozilla/5.0 (Nintendo Switch; WebApplet) AppleWebKit/601.6 (KHTML, like Gecko) NF/4.0.0.4.25 NintendoBrowser/5.1.0.11682
Connected to PC...
IPC message:
- Command ID / Result code: Error: 0x1805 (Invalid StorageId in module NCM)
ERR [835]: 0x1805 (Invalid StorageId in module NCM)
ResultCode@exploit/ResultCode.js:15:0
assertOk@exploit/ipc.js:555:0
eval code
Success!
Success percentage: 100.00 (5 samples)
Exploit triggered. Beginning breakage.
Disabling watchdog timer...
VM: 0x00000006eadbd000
WD: 0x00000006ead1e160
System Version: 1.0.0
Pwning sdb module...
Starting sdbcore...
Unknown version: 1.0.0
Failed to initialize sdb
Pegaswitch loaded!
UA: Mozilla/5.0 (Nintendo Switch; WebApplet) AppleWebKit/601.6 (KHTML, like Gecko) NF/4.0.0.4.25 NintendoBrowser/5.1.0.11682
Connected to PC...
Success!
Success percentage: 100.00 (6 samples)
Exploit triggered. Beginning breakage.
Disabling watchdog timer...
VM: 0x0000000b8413d000
WD: 0x0000000b8409e160
System Version: 1.0.0
Pwning sdb module...
Starting sdbcore...
Unknown version: 1.0.0
Failed to initialize sdb
Pegaswitch loaded!
UA: Mozilla/5.0 (Nintendo Switch; WebApplet) AppleWebKit/601.6 (KHTML, like Gecko) NF/4.0.0.4.25 NintendoBrowser/5.1.0.11682
Connected to PC...
Success!
Success percentage: 100.00 (7 samples)
Exploit triggered. Beginning breakage.
Disabling watchdog timer...
VM: 0x0000000b4f5bd000
WD: 0x0000000b4f51e160
System Version: 1.0.0
Pwning sdb module...
Starting sdbcore...
Unknown version: 1.0.0
Failed to initialize sdb
Pegaswitch loaded!
UA: Mozilla/5.0 (Nintendo Switch; WebApplet) AppleWebKit/601.6 (KHTML, like Gecko) NF/4.0.0.4.25 NintendoBrowser/5.1.0.11682
Connected to PC...
Success!
Success percentage: 100.00 (8 samples)
Exploit triggered. Beginning breakage.
Disabling watchdog timer...
VM: 0x000000061493d000
WD: 0x000000061489e160
System Version: 1.0.0
Pwning sdb module...
Starting sdbcore...
Unknown version: 1.0.0
Failed to initialize sdb
Pegaswitch loaded!
UA: Mozilla/5.0 (Nintendo Switch; WebApplet) AppleWebKit/601.6 (KHTML, like Gecko) NF/4.0.0.4.25 NintendoBrowser/5.1.0.11682
Connected to PC...
Success!
Success percentage: 100.00 (9 samples)
Exploit triggered. Beginning breakage.
Disabling watchdog timer...
VM: 0x0000000e74b3d000
WD: 0x0000000e74a9e160
System Version: 1.0.0
Pwning sdb module...
Starting sdbcore...
Unknown version: 1.0.0
Failed to initialize sdb
Pegaswitch loaded!
UA: Mozilla/5.0 (Nintendo Switch; WebApplet) AppleWebKit/601.6 (KHTML, like Gecko) NF/4.0.0.4.25 NintendoBrowser/5.1.0.11682
Connected to PC...
Success!
Success percentage: 100.00 (10 samples)
Exploit triggered. Beginning breakage.
Disabling watchdog timer...
VM: 0x0000000ce493d000
WD: 0x0000000ce489e160
System Version: 1.0.0
Pwning sdb module...
Starting sdbcore...
Unknown version: 1.0.0
Failed to initialize sdb
Pegaswitch loaded!
UA: Mozilla/5.0 (Nintendo Switch; WebApplet) AppleWebKit/601.6 (KHTML, like Gecko) NF/4.0.0.4.25 NintendoBrowser/5.1.0.11682
Connected to PC...
Success!
Success percentage: 100.00 (11 samples)
Exploit triggered. Beginning breakage.
Disabling watchdog timer...
VM: 0x0000000a6f1bd000
WD: 0x0000000a6f11e160
System Version: 1.0.0
Pwning sdb module...
Starting sdbcore...
Unknown version: 1.0.0
Failed to initialize sdb
Pegaswitch loaded!
UA: Mozilla/5.0 (Nintendo Switch; WebApplet) AppleWebKit/601.6 (KHTML, like Gecko) NF/4.0.0.4.25 NintendoBrowser/5.1.0.11682
Connected to PC...
Success!
Loaded
Exploit triggered. Beginning breakage.
Disabling watchdog timer...
VM: 0x0000000a585bd000
WD: 0x0000000a5851e160
System Version: 1.0.0
Pwning sdb module...
Starting sdbcore...
Unknown version: 1.0.0
Failed to initialize sdb
Pegaswitch loaded!
UA: Mozilla/5.0 (Nintendo Switch; WebApplet) AppleWebKit/601.6 (KHTML, like Gecko) NF/4.0.0.4.25 NintendoBrowser/5.1.0.11682
Connected to PC...
Success!
Success percentage: 100.00 (1 samples)
Exploit triggered. Beginning breakage.
Disabling watchdog timer...
VM: 0x0000000b31f3d000
WD: 0x0000000b31e9e160
System Version: 1.0.0
Pwning sdb module...
Starting sdbcore...
Unknown version: 1.0.0
Failed to initialize sdb
Pegaswitch loaded!
UA: Mozilla/5.0 (Nintendo Switch; WebApplet) AppleWebKit/601.6 (KHTML, like Gecko) NF/4.0.0.4.25 NintendoBrowser/5.1.0.11682
Connected to PC...
Success!
Success percentage: 100.00 (2 samples)
Exploit triggered. Beginning breakage.
Disabling watchdog timer...
VM: 0x0000000bd6bbd000
WD: 0x0000000bd6b1e160
System Version: 1.0.0
Pwning sdb module...
Starting sdbcore...
Unknown version: 1.0.0
Failed to initialize sdb
Pegaswitch loaded!
UA: Mozilla/5.0 (Nintendo Switch; WebApplet) AppleWebKit/601.6 (KHTML, like Gecko) NF/4.0.0.4.25 NintendoBrowser/5.1.0.11682
Connected to PC...
Could not locate our objects...
Success!
Loaded
Exploit triggered. Beginning breakage.
Disabling watchdog timer...
VM: 0x0000000e0193d000
WD: 0x0000000e0189e160
System Version: 1.0.0
Pwning sdb module...
Starting sdbcore...
Unknown version: 1.0.0
Failed to initialize sdb
Pegaswitch loaded!
UA: Mozilla/5.0 (Nintendo Switch; WebApplet) AppleWebKit/601.6 (KHTML, like Gecko) NF/4.0.0.4.25 NintendoBrowser/5.1.0.11682
Connected to PC...
IPC message:
- Command ID / Result code: Error: 0x410 (Title-id not found in module NS)
ERR [835]: 0x410 (Title-id not found in module NS)
ResultCode@exploit/ResultCode.js:15:0
assertOk@exploit/ipc.js:555:0

withHandle@exploit/sploitMixin.js:11:0

getServices@exploit/ipc.js:681:0
eval code
Success!
Success percentage: 100.00 (1 samples)
Exploit triggered. Beginning breakage.
Disabling watchdog timer...
VM: 0x000000083ebbd000
WD: 0x000000083eb1e160
System Version: 1.0.0
Pwning sdb module...
Starting sdbcore...
Unknown version: 1.0.0
Failed to initialize sdb
Pegaswitch loaded!
UA: Mozilla/5.0 (Nintendo Switch; WebApplet) AppleWebKit/601.6 (KHTML, like Gecko) NF/4.0.0.4.25 NintendoBrowser/5.1.0.11682
Connected to PC...
IPC message:
- Command ID / Result code: Error: 0x20f (Pid not found in module PM)
ERR [835]: 0x20f (Pid not found in module PM)
ResultCode@exploit/ResultCode.js:15:0
assertOk@exploit/ipc.js:555:0

withHandle@exploit/sploitMixin.js:11:0

getServices@exploit/ipc.js:681:0
eval code
Success!
Success percentage: 100.00 (2 samples)
Exploit triggered. Beginning breakage.
Disabling watchdog timer...
VM: 0x0000000e5173d000
WD: 0x0000000e5169e160
System Version: 1.0.0
Pwning sdb module...
Starting sdbcore...
Unknown version: 1.0.0
Failed to initialize sdb
Pegaswitch loaded!
UA: Mozilla/5.0 (Nintendo Switch; WebApplet) AppleWebKit/601.6 (KHTML, like Gecko) NF/4.0.0.4.25 NintendoBrowser/5.1.0.11682
Connected to PC...
Success!
Success percentage: 100.00 (3 samples)
Exploit triggered. Beginning breakage.
Disabling watchdog timer...
VM: 0x0000000cb87bd000
WD: 0x0000000cb871e160
System Version: 1.0.0
Pwning sdb module...
Starting sdbcore...
Unknown version: 1.0.0
Failed to initialize sdb
Pegaswitch loaded!
UA: Mozilla/5.0 (Nintendo Switch; WebApplet) AppleWebKit/601.6 (KHTML, like Gecko) NF/4.0.0.4.25 NintendoBrowser/5.1.0.11682
Connected to PC...
Success!
Loaded
Exploit triggered. Beginning breakage.
Disabling watchdog timer...
VM: 0x0000000da473d000
WD: 0x0000000da469e160
System Version: 1.0.0
Pwning sdb module...
Starting sdbcore...
Unknown version: 1.0.0
Failed to initialize sdb
Pegaswitch loaded!
UA: Mozilla/5.0 (Nintendo Switch; WebApplet) AppleWebKit/601.6 (KHTML, like Gecko) NF/4.0.0.4.25 NintendoBrowser/5.1.0.11682
Connected to PC...
Success!
Loaded
Exploit triggered. Beginning breakage.
Disabling watchdog timer...
VM: 0x000000075cdbd000
WD: 0x000000075cd1e160
System Version: 1.0.0
Pwning sdb module...
Starting sdbcore...
Unknown version: 1.0.0
Failed to initialize sdb
Pegaswitch loaded!
UA: Mozilla/5.0 (Nintendo Switch; WebApplet) AppleWebKit/601.6 (KHTML, like Gecko) NF/4.0.0.4.25 NintendoBrowser/5.1.0.11682
Connected to PC...
Success!
Success percentage: 100.00 (1 samples)
Exploit triggered. Beginning breakage.
Disabling watchdog timer...
VM: 0x000000094fdbd000
WD: 0x000000094fd1e160
System Version: 1.0.0
Pwning sdb module...
Starting sdbcore...
Unknown version: 1.0.0
Failed to initialize sdb
Pegaswitch loaded!
UA: Mozilla/5.0 (Nintendo Switch; WebApplet) AppleWebKit/601.6 (KHTML, like Gecko) NF/4.0.0.4.25 NintendoBrowser/5.1.0.11682
Connected to PC...
Success!
Loaded
Exploit triggered. Beginning breakage.
Disabling watchdog timer...
VM: 0x000000068553d000
WD: 0x000000068549e160
System Version: 1.0.0
Pwning sdb module...
Starting sdbcore...
Unknown version: 1.0.0
Failed to initialize sdb
Pegaswitch loaded!
UA: Mozilla/5.0 (Nintendo Switch; WebApplet) AppleWebKit/601.6 (KHTML, like Gecko) NF/4.0.0.4.25 NintendoBrowser/5.1.0.11682
Connected to PC...
Success!
Success percentage: 100.00 (1 samples)
Exploit triggered. Beginning breakage.
Disabling watchdog timer...
VM: 0x0000000b0433d000
WD: 0x0000000b0429e160
System Version: 1.0.0
Pwning sdb module...
Starting sdbcore...
Unknown version: 1.0.0
Failed to initialize sdb
Pegaswitch loaded!
UA: Mozilla/5.0 (Nintendo Switch; WebApplet) AppleWebKit/601.6 (KHTML, like Gecko) NF/4.0.0.4.25 NintendoBrowser/5.1.0.11682
Connected to PC...
IPC message:
- Command ID / Result code: Error: 0x410 (Title-id not found in module NS)
ERR [835]: 0x410 (Title-id not found in module NS)
ResultCode@exploit/ResultCode.js:15:0
assertOk@exploit/ipc.js:555:0

getService@exploit/ipc.js:665:0
GetIApplicationManager
eval code
Could not locate our objects...
Could not locate our objects...
Could not locate our objects...
Success!
Could not locate our objects...
Success percentage: 100.00 (2 samples)
Exploit triggered. Beginning breakage.
Success!
Success percentage: 100.00 (2 samples)
Exploit triggered. Beginning breakage.
Disabling watchdog timer...
VM: 0x00000009ba5bd000
WD: 0x00000009ba51e160
System Version: 1.0.0
Pwning sdb module...
Starting sdbcore...
Unknown version: 1.0.0
Failed to initialize sdb
Pegaswitch loaded!
UA: Mozilla/5.0 (Nintendo Switch; WebApplet) AppleWebKit/601.6 (KHTML, like Gecko) NF/4.0.0.4.25 NintendoBrowser/5.1.0.11682
Connected to PC...
Success!
Success percentage: 100.00 (3 samples)
Exploit triggered. Beginning breakage.
Disabling watchdog timer...
VM: 0x0000000dd273d000
WD: 0x0000000dd269e160
System Version: 1.0.0
Pwning sdb module...
Starting sdbcore...
Unknown version: 1.0.0
Failed to initialize sdb
Pegaswitch loaded!
UA: Mozilla/5.0 (Nintendo Switch; WebApplet) AppleWebKit/601.6 (KHTML, like Gecko) NF/4.0.0.4.25 NintendoBrowser/5.1.0.11682
Connected to PC...
Success!
Success percentage: 100.00 (4 samples)
Exploit triggered. Beginning breakage.
Disabling watchdog timer...
VM: 0x0000000de03bd000
WD: 0x0000000de031e160
System Version: 1.0.0
Pwning sdb module...
Starting sdbcore...
Unknown version: 1.0.0
Failed to initialize sdb
Pegaswitch loaded!
UA: Mozilla/5.0 (Nintendo Switch; WebApplet) AppleWebKit/601.6 (KHTML, like Gecko) NF/4.0.0.4.25 NintendoBrowser/5.1.0.11682
Connected to PC...
IPC message:
- Command ID / Result code: Error: 0x1805 (Invalid StorageId in module NCM)
ERR [835]: 0x1805 (Invalid StorageId in module NCM)
ResultCode@exploit/ResultCode.js:15:0
assertOk@exploit/ipc.js:555:0
eval code
Success!
Success percentage: 100.00 (5 samples)
Exploit triggered. Beginning breakage.
Disabling watchdog timer...
VM: 0x0000000d4e5bd000
WD: 0x0000000d4e51e160
System Version: 1.0.0
Pwning sdb module...
Starting sdbcore...
Unknown version: 1.0.0
Failed to initialize sdb
Pegaswitch loaded!
UA: Mozilla/5.0 (Nintendo Switch; WebApplet) AppleWebKit/601.6 (KHTML, like Gecko) NF/4.0.0.4.25 NintendoBrowser/5.1.0.11682
Connected to PC...
IPC message:
- Command ID / Result code: Error: 0x202 (unknown in module FS)
ERR [835]: 0x202 (unknown in module FS)
ResultCode@exploit/ResultCode.js:15:0
assertOk@exploit/ipc.js:555:0
eval code
Success!
Success percentage: 100.00 (6 samples)
Exploit triggered. Beginning breakage.
Disabling watchdog timer...
VM: 0x0000000a1e5bd000
WD: 0x0000000a1e51e160
System Version: 1.0.0
Pwning sdb module...
Starting sdbcore...
Unknown version: 1.0.0
Failed to initialize sdb
Pegaswitch loaded!
UA: Mozilla/5.0 (Nintendo Switch; WebApplet) AppleWebKit/601.6 (KHTML, like Gecko) NF/4.0.0.4.25 NintendoBrowser/5.1.0.11682
Connected to PC...
ERR [27]: Can't find variable: iam
eval code
Success!
Success percentage: 100.00 (7 samples)
Exploit triggered. Beginning breakage.
Disabling watchdog timer...
VM: 0x0000000a9dbbd000
WD: 0x0000000a9db1e160
System Version: 1.0.0
Pwning sdb module...
Starting sdbcore...
Unknown version: 1.0.0
Failed to initialize sdb
Pegaswitch loaded!
UA: Mozilla/5.0 (Nintendo Switch; WebApplet) AppleWebKit/601.6 (KHTML, like Gecko) NF/4.0.0.4.25 NintendoBrowser/5.1.0.11682
Connected to PC...
Success!
Success percentage: 100.00 (8 samples)
Exploit triggered. Beginning breakage.
Disabling watchdog timer...
VM: 0x0000000e5e3bd000
WD: 0x0000000e5e31e160
System Version: 1.0.0
Pwning sdb module...
Starting sdbcore...
Unknown version: 1.0.0
Failed to initialize sdb
Pegaswitch loaded!
UA: Mozilla/5.0 (Nintendo Switch; WebApplet) AppleWebKit/601.6 (KHTML, like Gecko) NF/4.0.0.4.25 NintendoBrowser/5.1.0.11682
Connected to PC...
IPC message:
- Command ID / Result code: Error: 0x408 (Not initialized. in module LR)
ERR [835]: 0x408 (Not initialized. in module LR)
ResultCode@exploit/ResultCode.js:15:0
assertOk@exploit/ipc.js:555:0
eval code
Success!
Success percentage: 100.00 (9 samples)
Exploit triggered. Beginning breakage.
Disabling watchdog timer...
VM: 0x0000000bba7bd000
WD: 0x0000000bba71e160
System Version: 1.0.0
Pwning sdb module...
Starting sdbcore...
Unknown version: 1.0.0
Failed to initialize sdb
Pegaswitch loaded!
UA: Mozilla/5.0 (Nintendo Switch; WebApplet) AppleWebKit/601.6 (KHTML, like Gecko) NF/4.0.0.4.25 NintendoBrowser/5.1.0.11682
Connected to PC...
Success!
Success percentage: 100.00 (10 samples)
Exploit triggered. Beginning breakage.
Disabling watchdog timer...
VM: 0x00000008b61bd000
WD: 0x00000008b611e160
System Version: 1.0.0
Pwning sdb module...
Starting sdbcore...
Unknown version: 1.0.0
Failed to initialize sdb
Pegaswitch loaded!
UA: Mozilla/5.0 (Nintendo Switch; WebApplet) AppleWebKit/601.6 (KHTML, like Gecko) NF/4.0.0.4.25 NintendoBrowser/5.1.0.11682
Connected to PC...
Success!
Success percentage: 100.00 (11 samples)
Exploit triggered. Beginning breakage.
Disabling watchdog timer...
VM: 0x000000078433d000
WD: 0x000000078429e160
System Version: 1.0.0
Pwning sdb module...
Starting sdbcore...
Unknown version: 1.0.0
Failed to initialize sdb
Pegaswitch loaded!
UA: Mozilla/5.0 (Nintendo Switch; WebApplet) AppleWebKit/601.6 (KHTML, like Gecko) NF/4.0.0.4.25 NintendoBrowser/5.1.0.11682
Connected to PC...
Success!
Success percentage: 100.00 (12 samples)
Exploit triggered. Beginning breakage.
Disabling watchdog timer...
VM: 0x0000000851f3d000
WD: 0x0000000851e9e160
System Version: 1.0.0
Pwning sdb module...
Starting sdbcore...
Unknown version: 1.0.0
Failed to initialize sdb
Pegaswitch loaded!
UA: Mozilla/5.0 (Nintendo Switch; WebApplet) AppleWebKit/601.6 (KHTML, like Gecko) NF/4.0.0.4.25 NintendoBrowser/5.1.0.11682
Connected to PC...
IPC message:
- Command ID / Result code: Error: 0x20f (Pid not found in module PM)
ERR [835]: 0x20f (Pid not found in module PM)
ResultCode@exploit/ResultCode.js:15:0
assertOk@exploit/ipc.js:555:0
eval code
Success!
Success percentage: 100.00 (13 samples)
Exploit triggered. Beginning breakage.
Disabling watchdog timer...
VM: 0x000000094213d000
WD: 0x000000094209e160
System Version: 1.0.0
Pwning sdb module...
Starting sdbcore...
Unknown version: 1.0.0
Failed to initialize sdb
Pegaswitch loaded!
UA: Mozilla/5.0 (Nintendo Switch; WebApplet) AppleWebKit/601.6 (KHTML, like Gecko) NF/4.0.0.4.25 NintendoBrowser/5.1.0.11682
Connected to PC...
IPC message:
- Command ID / Result code: Error: 0x20f (Pid not found in module PM)
ERR [835]: 0x20f (Pid not found in module PM)
ResultCode@exploit/ResultCode.js:15:0
assertOk@exploit/ipc.js:555:0
eval code
Success!
Success percentage: 100.00 (14 samples)
Exploit triggered. Beginning breakage.
Disabling watchdog timer...
VM: 0x000000097213d000
WD: 0x000000097209e160
System Version: 1.0.0
Pwning sdb module...
Starting sdbcore...
Unknown version: 1.0.0
Failed to initialize sdb
Pegaswitch loaded!
UA: Mozilla/5.0 (Nintendo Switch; WebApplet) AppleWebKit/601.6 (KHTML, like Gecko) NF/4.0.0.4.25 NintendoBrowser/5.1.0.11682
Connected to PC...
IPC message:
- Command ID / Result code: Error: 0x20f (Pid not found in module PM)
ERR [835]: 0x20f (Pid not found in module PM)
ResultCode@exploit/ResultCode.js:15:0
assertOk@exploit/ipc.js:555:0
eval code
Success!
Success percentage: 100.00 (15 samples)
Exploit triggered. Beginning breakage.
Disabling watchdog timer...
VM: 0x0000000b8a3bd000
WD: 0x0000000b8a31e160
System Version: 1.0.0
Pwning sdb module...
Starting sdbcore...
Unknown version: 1.0.0
Failed to initialize sdb
Pegaswitch loaded!
UA: Mozilla/5.0 (Nintendo Switch; WebApplet) AppleWebKit/601.6 (KHTML, like Gecko) NF/4.0.0.4.25 NintendoBrowser/5.1.0.11682
Connected to PC...
IPC message:
- Command ID / Result code: Error: 0x20f (Pid not found in module PM)
ERR [835]: 0x20f (Pid not found in module PM)
ResultCode@exploit/ResultCode.js:15:0
assertOk@exploit/ipc.js:555:0
eval code
Could not locate our objects...
Success!
Success percentage: 100.00 (16 samples)
Exploit triggered. Beginning breakage.
Disabling watchdog timer...
VM: 0x0000000aa3f3d000
WD: 0x0000000aa3e9e160
System Version: 1.0.0
Pwning sdb module...
Starting sdbcore...
Unknown version: 1.0.0
Failed to initialize sdb
Pegaswitch loaded!
UA: Mozilla/5.0 (Nintendo Switch; WebApplet) AppleWebKit/601.6 (KHTML, like Gecko) NF/4.0.0.4.25 NintendoBrowser/5.1.0.11682
Connected to PC...
IPC message:
- Command ID / Result code: Error: 0x20f (Pid not found in module PM)
ERR [835]: 0x20f (Pid not found in module PM)
ResultCode@exploit/ResultCode.js:15:0
assertOk@exploit/ipc.js:555:0
eval code
Success!
Success percentage: 100.00 (17 samples)
Exploit triggered. Beginning breakage.
Disabling watchdog timer...
VM: 0x0000000e301bd000
WD: 0x0000000e3011e160
System Version: 1.0.0
Pwning sdb module...
Starting sdbcore...
Unknown version: 1.0.0
Failed to initialize sdb
Pegaswitch loaded!
UA: Mozilla/5.0 (Nintendo Switch; WebApplet) AppleWebKit/601.6 (KHTML, like Gecko) NF/4.0.0.4.25 NintendoBrowser/5.1.0.11682
Connected to PC...
IPC message:
- Command ID / Result code: Error: 0xa0f (unknown in module PM)
ERR [835]: 0xa0f (unknown in module PM)
ResultCode@exploit/ResultCode.js:15:0
assertOk@exploit/ipc.js:555:0

withHandle@exploit/sploitMixin.js:11:0

getServices@exploit/ipc.js:681:0
eval code
Success!
Success percentage: 100.00 (18 samples)
Exploit triggered. Beginning breakage.
Disabling watchdog timer...
VM: 0x000000057afbd000
WD: 0x000000057af1e160
System Version: 1.0.0
Pwning sdb module...
Starting sdbcore...
Unknown version: 1.0.0
Failed to initialize sdb
Pegaswitch loaded!
UA: Mozilla/5.0 (Nintendo Switch; WebApplet) AppleWebKit/601.6 (KHTML, like Gecko) NF/4.0.0.4.25 NintendoBrowser/5.1.0.11682
Connected to PC...
socket error, attempting to reconnect in 5 seconds...
socket closed, attempting to reconnect in 5 seconds...
Success!
Success percentage: 100.00 (19 samples)
Exploit triggered. Beginning breakage.
Disabling watchdog timer...
VM: 0x000000098bdbd000
WD: 0x000000098bd1e160
System Version: 1.0.0
Pwning sdb module...
Starting sdbcore...
Unknown version: 1.0.0
Failed to initialize sdb
Pegaswitch loaded!
UA: Mozilla/5.0 (Nintendo Switch; WebApplet) AppleWebKit/601.6 (KHTML, like Gecko) NF/4.0.0.4.25 NintendoBrowser/5.1.0.11682
Connected to PC...
Success!
Success percentage: 100.00 (20 samples)
Exploit triggered. Beginning breakage.
Disabling watchdog timer...
VM: 0x0000000a363bd000
WD: 0x0000000a3631e160
System Version: 1.0.0
Pwning sdb module...
Starting sdbcore...
Unknown version: 1.0.0
Failed to initialize sdb
Pegaswitch loaded!
UA: Mozilla/5.0 (Nintendo Switch; WebApplet) AppleWebKit/601.6 (KHTML, like Gecko) NF/4.0.0.4.25 NintendoBrowser/5.1.0.11682
Connected to PC...
Success!
Success percentage: 100.00 (21 samples)
Exploit triggered. Beginning breakage.
Disabling watchdog timer...
VM: 0x0000000a2193d000
WD: 0x0000000a2189e160
System Version: 1.0.0
Pwning sdb module...
Starting sdbcore...
Unknown version: 1.0.0
Failed to initialize sdb
Pegaswitch loaded!
UA: Mozilla/5.0 (Nintendo Switch; WebApplet) AppleWebKit/601.6 (KHTML, like Gecko) NF/4.0.0.4.25 NintendoBrowser/5.1.0.11682
Connected to PC...
Success!
Success percentage: 100.00 (22 samples)
Exploit triggered. Beginning breakage.
Disabling watchdog timer...
VM: 0x0000000bb6dbd000
WD: 0x0000000bb6d1e160
System Version: 1.0.0
Pwning sdb module...
Starting sdbcore...
Unknown version: 1.0.0
Failed to initialize sdb
Pegaswitch loaded!
UA: Mozilla/5.0 (Nintendo Switch; WebApplet) AppleWebKit/601.6 (KHTML, like Gecko) NF/4.0.0.4.25 NintendoBrowser/5.1.0.11682
Connected to PC...
Could not locate our objects...
Could not locate our objects...
Success!
Success percentage: 100.00 (23 samples)
Exploit triggered. Beginning breakage.
Disabling watchdog timer...
VM: 0x0000000c87bbd000
WD: 0x0000000c87b1e160
System Version: 1.0.0
Pwning sdb module...
Starting sdbcore...
Unknown version: 1.0.0
Failed to initialize sdb
Pegaswitch loaded!
UA: Mozilla/5.0 (Nintendo Switch; WebApplet) AppleWebKit/601.6 (KHTML, like Gecko) NF/4.0.0.4.25 NintendoBrowser/5.1.0.11682
Connected to PC...
Could not locate our objects...
Success!
Success percentage: 100.00 (24 samples)
Exploit triggered. Beginning breakage.
Disabling watchdog timer...
VM: 0x0000000d9a3bd000
WD: 0x0000000d9a31e160
System Version: 1.0.0
Pwning sdb module...
Starting sdbcore...
Unknown version: 1.0.0
Failed to initialize sdb
Pegaswitch loaded!
UA: Mozilla/5.0 (Nintendo Switch; WebApplet) AppleWebKit/601.6 (KHTML, like Gecko) NF/4.0.0.4.25 NintendoBrowser/5.1.0.11682
Connected to PC...
Success!
Success percentage: 100.00 (25 samples)
Exploit triggered. Beginning breakage.
Disabling watchdog timer...
VM: 0x00000009fa9bd000
WD: 0x00000009fa91e160
System Version: 1.0.0
Pwning sdb module...
Starting sdbcore...
Unknown version: 1.0.0
Failed to initialize sdb
Pegaswitch loaded!
UA: Mozilla/5.0 (Nintendo Switch; WebApplet) AppleWebKit/601.6 (KHTML, like Gecko) NF/4.0.0.4.25 NintendoBrowser/5.1.0.11682
Connected to PC...
Success!
Success percentage: 100.00 (26 samples)
Exploit triggered. Beginning breakage.
Disabling watchdog timer...
VM: 0x00000006e77bd000
WD: 0x00000006e771e160
System Version: 1.0.0
Pwning sdb module...
Starting sdbcore...
Unknown version: 1.0.0
Failed to initialize sdb
Pegaswitch loaded!
UA: Mozilla/5.0 (Nintendo Switch; WebApplet) AppleWebKit/601.6 (KHTML, like Gecko) NF/4.0.0.4.25 NintendoBrowser/5.1.0.11682
Connected to PC...
ERR [14]: Can't find variable: tid

withHandle@exploit/sploitMixin.js:11:0

getServices@exploit/ipc.js:681:0
eval code
Success!
Success percentage: 100.00 (27 samples)
Exploit triggered. Beginning breakage.
Disabling watchdog timer...
VM: 0x00000008f73bd000
WD: 0x00000008f731e160
System Version: 1.0.0
Pwning sdb module...
Starting sdbcore...
Unknown version: 1.0.0
Failed to initialize sdb
Pegaswitch loaded!
UA: Mozilla/5.0 (Nintendo Switch; WebApplet) AppleWebKit/601.6 (KHTML, like Gecko) NF/4.0.0.4.25 NintendoBrowser/5.1.0.11682
Connected to PC...
Success!
Success percentage: 100.00 (28 samples)
Exploit triggered. Beginning breakage.
Disabling watchdog timer...
VM: 0x0000000cadbbd000
WD: 0x0000000cadb1e160
System Version: 1.0.0
Pwning sdb module...
Starting sdbcore...
Unknown version: 1.0.0
Failed to initialize sdb
Pegaswitch loaded!
UA: Mozilla/5.0 (Nintendo Switch; WebApplet) AppleWebKit/601.6 (KHTML, like Gecko) NF/4.0.0.4.25 NintendoBrowser/5.1.0.11682
Connected to PC...
IPC message:
- Command ID / Result code: Error: 0xa0f (unknown in module PM)
ERR [835]: 0xa0f (unknown in module PM)
ResultCode@exploit/ResultCode.js:15:0
assertOk@exploit/ipc.js:555:0
eval code
Success!
Success percentage: 100.00 (29 samples)
Exploit triggered. Beginning breakage.
Disabling watchdog timer...
VM: 0x0000000924d3d000
WD: 0x0000000924c9e160
System Version: 1.0.0
Pwning sdb module...
Starting sdbcore...
Unknown version: 1.0.0
Failed to initialize sdb
Pegaswitch loaded!
UA: Mozilla/5.0 (Nintendo Switch; WebApplet) AppleWebKit/601.6 (KHTML, like Gecko) NF/4.0.0.4.25 NintendoBrowser/5.1.0.11682
Connected to PC...
IPC message:
- Command ID / Result code: Error: 0xa0f (unknown in module PM)
ERR [835]: 0xa0f (unknown in module PM)
ResultCode@exploit/ResultCode.js:15:0
assertOk@exploit/ipc.js:555:0
eval code
Success!
Success percentage: 100.00 (30 samples)
Exploit triggered. Beginning breakage.
Disabling watchdog timer...
VM: 0x000000080ebbd000
WD: 0x000000080eb1e160
System Version: 1.0.0
Pwning sdb module...
Starting sdbcore...
Unknown version: 1.0.0
Failed to initialize sdb
Pegaswitch loaded!
UA: Mozilla/5.0 (Nintendo Switch; WebApplet) AppleWebKit/601.6 (KHTML, like Gecko) NF/4.0.0.4.25 NintendoBrowser/5.1.0.11682
Connected to PC...
IPC message:
- Command ID / Result code: Error: 0xa0f (unknown in module PM)
ERR [835]: 0xa0f (unknown in module PM)
ResultCode@exploit/ResultCode.js:15:0
assertOk@exploit/ipc.js:555:0
eval code
Success!
Success percentage: 100.00 (31 samples)
Exploit triggered. Beginning breakage.
Disabling watchdog timer...
VM: 0x0000000bb81bd000
WD: 0x0000000bb811e160
System Version: 1.0.0
Pwning sdb module...
Starting sdbcore...
Unknown version: 1.0.0
Failed to initialize sdb
Pegaswitch loaded!
UA: Mozilla/5.0 (Nintendo Switch; WebApplet) AppleWebKit/601.6 (KHTML, like Gecko) NF/4.0.0.4.25 NintendoBrowser/5.1.0.11682
Connected to PC...
IPC message:
- Command ID / Result code: Error: 0xa0f (unknown in module PM)
ERR [835]: 0xa0f (unknown in module PM)
ResultCode@exploit/ResultCode.js:15:0
assertOk@exploit/ipc.js:555:0
eval code
Success!
Success percentage: 100.00 (32 samples)
Exploit triggered. Beginning breakage.
Disabling watchdog timer...
VM: 0x000000075213d000
WD: 0x000000075209e160
System Version: 1.0.0
Pwning sdb module...
Starting sdbcore...
Unknown version: 1.0.0
Failed to initialize sdb
Pegaswitch loaded!
UA: Mozilla/5.0 (Nintendo Switch; WebApplet) AppleWebKit/601.6 (KHTML, like Gecko) NF/4.0.0.4.25 NintendoBrowser/5.1.0.11682
Connected to PC...
IPC message:
- Command ID / Result code: Error: 0xa0f (unknown in module PM)
ERR [835]: 0xa0f (unknown in module PM)
ResultCode@exploit/ResultCode.js:15:0
assertOk@exploit/ipc.js:555:0
eval code
Success!
Success percentage: 100.00 (33 samples)
Exploit triggered. Beginning breakage.
Disabling watchdog timer...
VM: 0x0000000bfb5bd000
WD: 0x0000000bfb51e160
System Version: 1.0.0
Pwning sdb module...
Starting sdbcore...
Unknown version: 1.0.0
Failed to initialize sdb
Pegaswitch loaded!
UA: Mozilla/5.0 (Nintendo Switch; WebApplet) AppleWebKit/601.6 (KHTML, like Gecko) NF/4.0.0.4.25 NintendoBrowser/5.1.0.11682
Connected to PC...
IPC message:
- Command ID / Result code: Error: 0xa0f (unknown in module PM)
ERR [835]: 0xa0f (unknown in module PM)
ResultCode@exploit/ResultCode.js:15:0
assertOk@exploit/ipc.js:555:0
eval code
Success!
Success percentage: 100.00 (34 samples)
Exploit triggered. Beginning breakage.
Disabling watchdog timer...
VM: 0x00000006169bd000
WD: 0x000000061691e160
System Version: 1.0.0
Pwning sdb module...
Starting sdbcore...
Unknown version: 1.0.0
Failed to initialize sdb
Pegaswitch loaded!
UA: Mozilla/5.0 (Nintendo Switch; WebApplet) AppleWebKit/601.6 (KHTML, like Gecko) NF/4.0.0.4.25 NintendoBrowser/5.1.0.11682
Connected to PC...
IPC message:
- Command ID / Result code: Error: 0xa0f (unknown in module PM)
ERR [835]: 0xa0f (unknown in module PM)
ResultCode@exploit/ResultCode.js:15:0
assertOk@exploit/ipc.js:555:0
eval code
Success!
Success percentage: 100.00 (35 samples)
Exploit triggered. Beginning breakage.
Disabling watchdog timer...
VM: 0x000000042dbbd000
WD: 0x000000042db1e160
System Version: 1.0.0
Pwning sdb module...
Starting sdbcore...
Unknown version: 1.0.0
Failed to initialize sdb
Pegaswitch loaded!
UA: Mozilla/5.0 (Nintendo Switch; WebApplet) AppleWebKit/601.6 (KHTML, like Gecko) NF/4.0.0.4.25 NintendoBrowser/5.1.0.11682
Connected to PC...
IPC message:
- Command ID / Result code: Error: 0xa0f (unknown in module PM)
ERR [835]: 0xa0f (unknown in module PM)
ResultCode@exploit/ResultCode.js:15:0
assertOk@exploit/ipc.js:555:0
eval code
socket closed, attempting to reconnect in 5 seconds...
Success!
Loaded
Exploit triggered. Beginning breakage.
Disabling watchdog timer...
VM: 0x00000005977bd000
WD: 0x000000059771e160
System Version: 1.0.0
Pwning sdb module...
Starting sdbcore...
Unknown version: 1.0.0
Failed to initialize sdb
Pegaswitch loaded!
UA: Mozilla/5.0 (Nintendo Switch; WebApplet) AppleWebKit/601.6 (KHTML, like Gecko) NF/4.0.0.4.25 NintendoBrowser/5.1.0.11682
Connected to PC...
IPC message:
- Command ID / Result code: Error: 0xa0f (unknown in module PM)
ERR [835]: 0xa0f (unknown in module PM)
ResultCode@exploit/ResultCode.js:15:0
assertOk@exploit/ipc.js:555:0
eval code
Could not locate our objects...
Success!
Success percentage: 100.00 (1 samples)
Exploit triggered. Beginning breakage.
Disabling watchdog timer...
VM: 0x0000000731d3d000
WD: 0x0000000731c9e160
System Version: 1.0.0
Pwning sdb module...
Starting sdbcore...
Unknown version: 1.0.0
Failed to initialize sdb
Pegaswitch loaded!
UA: Mozilla/5.0 (Nintendo Switch; WebApplet) AppleWebKit/601.6 (KHTML, like Gecko) NF/4.0.0.4.25 NintendoBrowser/5.1.0.11682
Connected to PC...
Success!
Success percentage: 100.00 (2 samples)
Exploit triggered. Beginning breakage.
Disabling watchdog timer...
VM: 0x00000003c7bbd000
WD: 0x00000003c7b1e160
System Version: 1.0.0
Pwning sdb module...
Starting sdbcore...
Unknown version: 1.0.0
Failed to initialize sdb
Pegaswitch loaded!
UA: Mozilla/5.0 (Nintendo Switch; WebApplet) AppleWebKit/601.6 (KHTML, like Gecko) NF/4.0.0.4.25 NintendoBrowser/5.1.0.11682
Connected to PC...
IPC message:
- Command ID / Result code: Error: 0xa0f (unknown in module PM)
ERR [835]: 0xa0f (unknown in module PM)
ResultCode@exploit/ResultCode.js:15:0
assertOk@exploit/ipc.js:555:0
eval code
Could not locate our objects...
Success!
Success percentage: 100.00 (3 samples)
Exploit triggered. Beginning breakage.
Disabling watchdog timer...
VM: 0x0000000b2b9bd000
WD: 0x0000000b2b91e160
System Version: 1.0.0
Pwning sdb module...
Starting sdbcore...
Unknown version: 1.0.0
Failed to initialize sdb
Pegaswitch loaded!
UA: Mozilla/5.0 (Nintendo Switch; WebApplet) AppleWebKit/601.6 (KHTML, like Gecko) NF/4.0.0.4.25 NintendoBrowser/5.1.0.11682
Connected to PC...
Success!
Success percentage: 100.00 (4 samples)
Exploit triggered. Beginning breakage.
Disabling watchdog timer...
VM: 0x000000092a3bd000
WD: 0x000000092a31e160
System Version: 1.0.0
Pwning sdb module...
Starting sdbcore...
Unknown version: 1.0.0
Failed to initialize sdb
Pegaswitch loaded!
UA: Mozilla/5.0 (Nintendo Switch; WebApplet) AppleWebKit/601.6 (KHTML, like Gecko) NF/4.0.0.4.25 NintendoBrowser/5.1.0.11682
Connected to PC...
Success!
Success percentage: 100.00 (5 samples)
Exploit triggered. Beginning breakage.
Disabling watchdog timer...
VM: 0x0000000c1553d000
WD: 0x0000000c1549e160
System Version: 1.0.0
Pwning sdb module...
Starting sdbcore...
Unknown version: 1.0.0
Failed to initialize sdb
Pegaswitch loaded!
UA: Mozilla/5.0 (Nintendo Switch; WebApplet) AppleWebKit/601.6 (KHTML, like Gecko) NF/4.0.0.4.25 NintendoBrowser/5.1.0.11682
Connected to PC...
Success!
Success percentage: 100.00 (6 samples)
Exploit triggered. Beginning breakage.
Disabling watchdog timer...
VM: 0x0000000a261bd000
WD: 0x0000000a2611e160
System Version: 1.0.0
Pwning sdb module...
Starting sdbcore...
Unknown version: 1.0.0
Failed to initialize sdb
Pegaswitch loaded!
UA: Mozilla/5.0 (Nintendo Switch; WebApplet) AppleWebKit/601.6 (KHTML, like Gecko) NF/4.0.0.4.25 NintendoBrowser/5.1.0.11682
Connected to PC...
Success!
Success percentage: 100.00 (7 samples)
Exploit triggered. Beginning breakage.
Disabling watchdog timer...
VM: 0x000000032bbbd000
WD: 0x000000032bb1e160
System Version: 1.0.0
Pwning sdb module...
Starting sdbcore...
Unknown version: 1.0.0
Failed to initialize sdb
Pegaswitch loaded!
UA: Mozilla/5.0 (Nintendo Switch; WebApplet) AppleWebKit/601.6 (KHTML, like Gecko) NF/4.0.0.4.25 NintendoBrowser/5.1.0.11682
Connected to PC...
Success!
Success percentage: 100.00 (8 samples)
Exploit triggered. Beginning breakage.
Disabling watchdog timer...
VM: 0x0000000e42f3d000
WD: 0x0000000e42e9e160
System Version: 1.0.0
Pwning sdb module...
Starting sdbcore...
Unknown version: 1.0.0
Failed to initialize sdb
Pegaswitch loaded!
UA: Mozilla/5.0 (Nintendo Switch; WebApplet) AppleWebKit/601.6 (KHTML, like Gecko) NF/4.0.0.4.25 NintendoBrowser/5.1.0.11682
Connected to PC...
attempting to reconnect...
ERR [2193]: InvalidStateError: DOM Exception 11: An attempt was made to use an object that is not, or is no longer, usable.
Connected to PC...
IPC message:
- Command ID / Result code: Error: 0xa0f (unknown in module PM)
ERR [835]: 0xa0f (unknown in module PM)
ResultCode@exploit/ResultCode.js:15:0
assertOk@exploit/ipc.js:555:0
eval code
Could not locate our objects...
Success!
Success percentage: 100.00 (9 samples)
Exploit triggered. Beginning breakage.
Disabling watchdog timer...
VM: 0x0000000e7453d000
WD: 0x0000000e7449e160
System Version: 1.0.0
Pwning sdb module...
Starting sdbcore...
Unknown version: 1.0.0
Failed to initialize sdb
Pegaswitch loaded!
UA: Mozilla/5.0 (Nintendo Switch; WebApplet) AppleWebKit/601.6 (KHTML, like Gecko) NF/4.0.0.4.25 NintendoBrowser/5.1.0.11682
Connected to PC...
Success!
Success percentage: 100.00 (10 samples)
Exploit triggered. Beginning breakage.
Disabling watchdog timer...
VM: 0x0000000a367bd000
WD: 0x0000000a3671e160
System Version: 1.0.0
Pwning sdb module...
Starting sdbcore...
Unknown version: 1.0.0
Failed to initialize sdb
Pegaswitch loaded!
UA: Mozilla/5.0 (Nintendo Switch; WebApplet) AppleWebKit/601.6 (KHTML, like Gecko) NF/4.0.0.4.25 NintendoBrowser/5.1.0.11682
Connected to PC...
Success!
Loaded
Exploit triggered. Beginning breakage.
Disabling watchdog timer...
VM: 0x00000007d79bd000
WD: 0x00000007d791e160
System Version: 1.0.0
Pwning sdb module...
Starting sdbcore...
Unknown version: 1.0.0
Failed to initialize sdb
Pegaswitch loaded!
UA: Mozilla/5.0 (Nintendo Switch; WebApplet) AppleWebKit/601.6 (KHTML, like Gecko) NF/4.0.0.4.25 NintendoBrowser/5.1.0.11682
Connected to PC...
IPC message:
- Command ID / Result code: Error: 0xa0f (unknown in module PM)
ERR [835]: 0xa0f (unknown in module PM)
ResultCode@exploit/ResultCode.js:15:0
assertOk@exploit/ipc.js:555:0
eval code
Success!
Success percentage: 100.00 (1 samples)
Exploit triggered. Beginning breakage.
Disabling watchdog timer...
VM: 0x000000081513d000
WD: 0x000000081509e160
System Version: 1.0.0
Pwning sdb module...
Starting sdbcore...
Unknown version: 1.0.0
Failed to initialize sdb
Pegaswitch loaded!
UA: Mozilla/5.0 (Nintendo Switch; WebApplet) AppleWebKit/601.6 (KHTML, like Gecko) NF/4.0.0.4.25 NintendoBrowser/5.1.0.11682
Connected to PC...
Success!
Success percentage: 100.00 (2 samples)
Exploit triggered. Beginning breakage.
Disabling watchdog timer...
VM: 0x0000000c45dbd000
WD: 0x0000000c45d1e160
System Version: 1.0.0
Pwning sdb module...
Starting sdbcore...
Unknown version: 1.0.0
Failed to initialize sdb
Pegaswitch loaded!
UA: Mozilla/5.0 (Nintendo Switch; WebApplet) AppleWebKit/601.6 (KHTML, like Gecko) NF/4.0.0.4.25 NintendoBrowser/5.1.0.11682
Connected to PC...
socket closed, attempting to reconnect in 5 seconds...
Success!
Loaded
Exploit triggered. Beginning breakage.
Disabling watchdog timer...
VM: 0x00000008e9dbd000
WD: 0x00000008e9d1e160
System Version: 1.0.0
Pwning sdb module...
Starting sdbcore...
Unknown version: 1.0.0
Failed to initialize sdb
Pegaswitch loaded!
UA: Mozilla/5.0 (Nintendo Switch; WebApplet) AppleWebKit/601.6 (KHTML, like Gecko) NF/4.0.0.4.25 NintendoBrowser/5.1.0.11682
Connected to PC...
Could not locate our objects...
Success!
Success percentage: 100.00 (1 samples)
Exploit triggered. Beginning breakage.
Disabling watchdog timer...
VM: 0x0000000a8353d000
WD: 0x0000000a8349e160
System Version: 1.0.0
Pwning sdb module...
Starting sdbcore...
Unknown version: 1.0.0
Failed to initialize sdb
Pegaswitch loaded!
UA: Mozilla/5.0 (Nintendo Switch; WebApplet) AppleWebKit/601.6 (KHTML, like Gecko) NF/4.0.0.4.25 NintendoBrowser/5.1.0.11682
Connected to PC...
Success!
Success percentage: 100.00 (2 samples)
Exploit triggered. Beginning breakage.
Disabling watchdog timer...
VM: 0x0000000d3373d000
WD: 0x0000000d3369e160
System Version: 1.0.0
Pwning sdb module...
Starting sdbcore...
Unknown version: 1.0.0
Failed to initialize sdb
Pegaswitch loaded!
UA: Mozilla/5.0 (Nintendo Switch; WebApplet) AppleWebKit/601.6 (KHTML, like Gecko) NF/4.0.0.4.25 NintendoBrowser/5.1.0.11682
Connected to PC...
Could not locate our objects...
Success!
Success percentage: 100.00 (3 samples)
Exploit triggered. Beginning breakage.
Disabling watchdog timer...
VM: 0x00000004e5dbd000
WD: 0x00000004e5d1e160
System Version: 1.0.0
Pwning sdb module...
Starting sdbcore...
Unknown version: 1.0.0
Failed to initialize sdb
Pegaswitch loaded!
UA: Mozilla/5.0 (Nintendo Switch; WebApplet) AppleWebKit/601.6 (KHTML, like Gecko) NF/4.0.0.4.25 NintendoBrowser/5.1.0.11682
Connected to PC...
ERR [14]: sc.ipcMsg(302).data(tid).sentTo is not a function. (In 'sc.ipcMsg(302).data(tid).sentTo("ns:am")', 'sc.ipcMsg(302).data(tid).sentTo' is undefined)

withHandle@exploit/sploitMixin.js:11:0

getServices@exploit/ipc.js:681:0
eval code
Success!
Success percentage: 100.00 (4 samples)
Exploit triggered. Beginning breakage.
Disabling watchdog timer...
VM: 0x0000000b2173d000
WD: 0x0000000b2169e160
System Version: 1.0.0
Pwning sdb module...
Starting sdbcore...
Unknown version: 1.0.0
Failed to initialize sdb
Pegaswitch loaded!
UA: Mozilla/5.0 (Nintendo Switch; WebApplet) AppleWebKit/601.6 (KHTML, like Gecko) NF/4.0.0.4.25 NintendoBrowser/5.1.0.11682
Connected to PC...
Success!
Success percentage: 100.00 (5 samples)
Exploit triggered. Beginning breakage.
Disabling watchdog timer...
VM: 0x0000000bbbbbd000
WD: 0x0000000bbbb1e160
System Version: 1.0.0
Pwning sdb module...
Starting sdbcore...
Unknown version: 1.0.0
Failed to initialize sdb
Pegaswitch loaded!
UA: Mozilla/5.0 (Nintendo Switch; WebApplet) AppleWebKit/601.6 (KHTML, like Gecko) NF/4.0.0.4.25 NintendoBrowser/5.1.0.11682
Connected to PC...
Success!
Success percentage: 100.00 (6 samples)
Exploit triggered. Beginning breakage.
Disabling watchdog timer...
VM: 0x000000070213d000
WD: 0x000000070209e160
System Version: 1.0.0
Pwning sdb module...
Starting sdbcore...
Unknown version: 1.0.0
Failed to initialize sdb
Pegaswitch loaded!
UA: Mozilla/5.0 (Nintendo Switch; WebApplet) AppleWebKit/601.6 (KHTML, like Gecko) NF/4.0.0.4.25 NintendoBrowser/5.1.0.11682
Connected to PC...
Success!
Success percentage: 100.00 (7 samples)
Exploit triggered. Beginning breakage.
Disabling watchdog timer...
VM: 0x0000000ae233d000
WD: 0x0000000ae229e160
System Version: 1.0.0
Pwning sdb module...
Starting sdbcore...
Unknown version: 1.0.0
Failed to initialize sdb
Pegaswitch loaded!
UA: Mozilla/5.0 (Nintendo Switch; WebApplet) AppleWebKit/601.6 (KHTML, like Gecko) NF/4.0.0.4.25 NintendoBrowser/5.1.0.11682
Connected to PC...
Success!
Success percentage: 100.00 (8 samples)
Exploit triggered. Beginning breakage.
Disabling watchdog timer...
VM: 0x0000000bd273d000
WD: 0x0000000bd269e160
System Version: 1.0.0
Pwning sdb module...
Starting sdbcore...
Unknown version: 1.0.0
Failed to initialize sdb
Pegaswitch loaded!
UA: Mozilla/5.0 (Nintendo Switch; WebApplet) AppleWebKit/601.6 (KHTML, like Gecko) NF/4.0.0.4.25 NintendoBrowser/5.1.0.11682
Connected to PC...
socket closed, attempting to reconnect in 5 seconds...
Could not locate our objects...
Could not locate our objects...
Success!
Loaded
Exploit triggered. Beginning breakage.
Disabling watchdog timer...
VM: 0x000000095cfbd000
WD: 0x000000095cf1e160
System Version: 1.0.0
Pwning sdb module...
Starting sdbcore...
Unknown version: 1.0.0
Failed to initialize sdb
Pegaswitch loaded!
UA: Mozilla/5.0 (Nintendo Switch; WebApplet) AppleWebKit/601.6 (KHTML, like Gecko) NF/4.0.0.4.25 NintendoBrowser/5.1.0.11682
Connected to PC...
Success!
Loaded
Exploit triggered. Beginning breakage.
Disabling watchdog timer...
VM: 0x000000078e3bd000
WD: 0x000000078e31e160
System Version: 1.0.0
Pwning sdb module...
Starting sdbcore...
Unknown version: 1.0.0
Failed to initialize sdb
Pegaswitch loaded!
UA: Mozilla/5.0 (Nintendo Switch; WebApplet) AppleWebKit/601.6 (KHTML, like Gecko) NF/4.0.0.4.25 NintendoBrowser/5.1.0.11682
Connected to PC...
Success!
Loaded
Exploit triggered. Beginning breakage.
Disabling watchdog timer...
VM: 0x000000054273d000
WD: 0x000000054269e160
System Version: 1.0.0
Pwning sdb module...
Starting sdbcore...
Unknown version: 1.0.0
Failed to initialize sdb
Pegaswitch loaded!
UA: Mozilla/5.0 (Nintendo Switch; WebApplet) AppleWebKit/601.6 (KHTML, like Gecko) NF/4.0.0.4.25 NintendoBrowser/5.1.0.11682
Connected to PC...
Success!
Success percentage: 100.00 (1 samples)
Exploit triggered. Beginning breakage.
Disabling watchdog timer...
VM: 0x0000000d1253d000
WD: 0x0000000d1249e160
System Version: 1.0.0
Pwning sdb module...
Starting sdbcore...
Unknown version: 1.0.0
Failed to initialize sdb
Pegaswitch loaded!
UA: Mozilla/5.0 (Nintendo Switch; WebApplet) AppleWebKit/601.6 (KHTML, like Gecko) NF/4.0.0.4.25 NintendoBrowser/5.1.0.11682
Connected to PC...
Success!
Success percentage: 100.00 (2 samples)
Exploit triggered. Beginning breakage.
Disabling watchdog timer...
VM: 0x00000006d9dbd000
WD: 0x00000006d9d1e160
System Version: 1.0.0
Pwning sdb module...
Starting sdbcore...
Unknown version: 1.0.0
Failed to initialize sdb
Pegaswitch loaded!
UA: Mozilla/5.0 (Nintendo Switch; WebApplet) AppleWebKit/601.6 (KHTML, like Gecko) NF/4.0.0.4.25 NintendoBrowser/5.1.0.11682
Connected to PC...
Success!
Success percentage: 100.00 (3 samples)
Exploit triggered. Beginning breakage.
Disabling watchdog timer...
VM: 0x00000004e73bd000
WD: 0x00000004e731e160
System Version: 1.0.0
Pwning sdb module...
Starting sdbcore...
Unknown version: 1.0.0
Failed to initialize sdb
Pegaswitch loaded!
UA: Mozilla/5.0 (Nintendo Switch; WebApplet) AppleWebKit/601.6 (KHTML, like Gecko) NF/4.0.0.4.25 NintendoBrowser/5.1.0.11682
Connected to PC...
Success!
Success percentage: 100.00 (4 samples)
Exploit triggered. Beginning breakage.
Disabling watchdog timer...
VM: 0x0000000621b3d000
WD: 0x0000000621a9e160
System Version: 1.0.0
Pwning sdb module...
Starting sdbcore...
Unknown version: 1.0.0
Failed to initialize sdb
Pegaswitch loaded!
UA: Mozilla/5.0 (Nintendo Switch; WebApplet) AppleWebKit/601.6 (KHTML, like Gecko) NF/4.0.0.4.25 NintendoBrowser/5.1.0.11682
Connected to PC...
Success!
Success percentage: 100.00 (5 samples)
Exploit triggered. Beginning breakage.
Disabling watchdog timer...
VM: 0x0000000a099bd000
WD: 0x0000000a0991e160
System Version: 1.0.0
Pwning sdb module...
Starting sdbcore...
Unknown version: 1.0.0
Failed to initialize sdb
Pegaswitch loaded!
UA: Mozilla/5.0 (Nintendo Switch; WebApplet) AppleWebKit/601.6 (KHTML, like Gecko) NF/4.0.0.4.25 NintendoBrowser/5.1.0.11682
Connected to PC...
Success!
Success percentage: 100.00 (6 samples)
Exploit triggered. Beginning breakage.
Disabling watchdog timer...
VM: 0x0000000acefbd000
WD: 0x0000000acef1e160
System Version: 1.0.0
Pwning sdb module...
Starting sdbcore...
Unknown version: 1.0.0
Failed to initialize sdb
Pegaswitch loaded!
UA: Mozilla/5.0 (Nintendo Switch; WebApplet) AppleWebKit/601.6 (KHTML, like Gecko) NF/4.0.0.4.25 NintendoBrowser/5.1.0.11682
Connected to PC...
